[ PowerModelsDistribution | Info ] : Circuit has been reset with the 'clear' on line 1 in 'IEEE13Nodeckt.dss'
[ PowerModelsDistribution | Info ] : Redirecting to 'ieeelinecodes.dss' on line 46 in 'IEEE13Nodeckt.dss'
[ PowerModelsDistribution | Info ] : Command 'calcv' on line 152 in 'IEEE13Nodeckt.dss' is not supported, skipping.
[ PowerModelsDistribution | Info ] : Redirecting to 'pv_systems.dss' on line 155 in 'IEEELineCodes.DSS'
[ PowerModelsDistribution | Info ] : Command 'solve' on line 157 in 'IEEE13Nodeckt.dss' is not supported, skipping.
[ PowerModelsDistribution | Info ] : Reading Buscoords in 'ieee13node_busxy.csv' on line 158 in 'pv_systems.dss'
[ PowerModelsDistribution | Info ] : basemva=100 is the default value, you may want to adjust sbase_default for better convergence

******************************************************************************
This program contains Ipopt, a library for large-scale nonlinear optimization.
 Ipopt is released as open source code under the Eclipse Public License (EPL).
         For more information visit https://github.com/coin-or/Ipopt
******************************************************************************

This is Ipopt version 3.14.19, running with linear solver MUMPS 5.8.2.

Number of nonzeros in equality constraint Jacobian...:     5658
Number of nonzeros in inequality constraint Jacobian.:     1393
Number of nonzeros in Lagrangian Hessian.............:     3828

Total number of variables............................:      541
                     variables with only lower bounds:        0
                variables with lower and upper bounds:       87
                     variables with only upper bounds:        0
Total number of equality constraints.................:      537
Total number of inequality constraints...............:      304
        inequality constraints with only lower bounds:       78
   inequality constraints with lower and upper bounds:        0
        inequality constraints with only upper bounds:      226

The equality constraints contain an invalid number

Number of Iterations....: 0

Number of objective function evaluations             = 0
Number of objective gradient evaluations             = 1
Number of equality constraint evaluations            = 1
Number of inequality constraint evaluations          = 1
Number of equality constraint Jacobian evaluations   = 1
Number of inequality constraint Jacobian evaluations = 1
Number of Lagrangian Hessian evaluations             = 0
Total seconds in IPOPT                               = 0.386

EXIT: Invalid number in NLP function or derivative detected.
termination_status=INVALID_MODEL
primal_status=INFEASIBLE_POINT
objective=0.0
