Input exists: true
[ PowerModelsDistribution | Info ] : Circuit has been reset with the 'clear' on line 1 in 'IEEE13Nodeckt.dss'
[ PowerModelsDistribution | Info ] : Redirecting to 'ieeelinecodes.dss' on line 46 in 'IEEE13Nodeckt.dss'
[ PowerModelsDistribution | Info ] : Command 'calcv' on line 152 in 'IEEE13Nodeckt.dss' is not supported, skipping.
[ PowerModelsDistribution | Info ] : Redirecting to 'pv_systems.dss' on line 155 in 'IEEELineCodes.DSS'
[ PowerModelsDistribution | Info ] : Command 'solve' on line 157 in 'IEEE13Nodeckt.dss' is not supported, skipping.
[ PowerModelsDistribution | Info ] : Reading Buscoords in 'ieee13node_busxy.csv' on line 158 in 'pv_systems.dss'
[ PowerModelsDistribution | Info ] : basemva=100 is the default value, you may want to adjust sbase_default for better convergence

******************************************************************************
This program contains Ipopt, a library for large-scale nonlinear optimization.
 Ipopt is released as open source code under the Eclipse Public License (EPL).
         For more information visit https://github.com/coin-or/Ipopt
******************************************************************************

This is Ipopt version 3.14.19, running with linear solver MUMPS 5.8.2.

Number of nonzeros in equality constraint Jacobian...:     5842
Number of nonzeros in inequality constraint Jacobian.:     1667
Number of nonzeros in Lagrangian Hessian.............:     4292

Total number of variables............................:      555
                     variables with only lower bounds:        3
                variables with lower and upper bounds:      264
                     variables with only upper bounds:        0
Total number of equality constraints.................:      537
Total number of inequality constraints...............:      384
        inequality constraints with only lower bounds:      158
   inequality constraints with lower and upper bounds:        0
        inequality constraints with only upper bounds:      226

iter    objective    inf_pr   inf_du lg(mu)  ||d||  lg(rg) alpha_du alpha_pr  ls
   0  3.0841479e+00 3.45e+01 9.90e+01  -1.0 0.00e+00    -  0.00e+00 0.00e+00   0
   1  1.0699460e-01 3.43e+01 9.71e+01  -1.0 5.78e+00  -2.0 1.51e-02 7.00e-03f  1
   2  1.2647221e-01 3.42e+01 9.06e+01  -1.0 1.64e+00  -1.6 3.18e-02 4.59e-03h  1
   3  1.0202820e-01 3.41e+01 3.26e+02  -1.0 2.80e+01  -1.1 7.75e-03 4.59e-04h  1
   4  8.9320836e-02 3.41e+01 7.90e+02  -1.0 3.35e+01  -1.6 1.06e-02 1.53e-03h  3
   5  7.8566052e-02 3.40e+01 1.97e+03  -1.0 3.23e+01  -2.1 1.96e-02 2.43e-03h  2
   6  6.0072052e-02 3.39e+01 5.82e+03  -1.0 1.80e+01  -2.6 2.80e-02 4.37e-03h  1
   7  4.7846861e-02 3.36e+01 9.90e+03  -1.0 1.66e+01  -3.1 2.35e-02 8.46e-03h  1
   8  4.7394718e-02 3.36e+01 1.49e+04  -1.0 2.53e+01  -3.5 2.84e-03 1.65e-04h  1
   9  4.5692337e-02 3.36e+01 1.09e+06  -1.0 3.29e+01  -4.0 8.95e-03 3.73e-05h  1
iter    objective    inf_pr   inf_du lg(mu)  ||d||  lg(rg) alpha_du alpha_pr  ls
  10  4.0890093e-02 3.35e+01 2.98e+06  -1.0 6.14e+00  -4.5 1.35e-02 3.65e-04h  1
  11  3.1491636e-02 3.32e+01 6.41e+06  -1.0 2.94e+00  -5.0 3.53e-02 1.15e-02h  1
  12  3.2867761e-02 3.17e+01 1.66e+07  -1.0 2.79e+00  -5.4 1.18e-01 4.48e-02h  1
  13  3.3927103e-02 3.14e+01 1.51e+07  -1.0 5.18e+00  -5.9 2.10e-04 9.98e-03h  1
  14  3.6053687e-02 3.13e+01 1.52e+07  -1.0 1.93e+01  -6.4 2.13e-03 1.11e-03h  1
  15  3.7440900e-02 3.11e+01 1.47e+07  -1.0 1.37e+01  -6.9 3.92e-03 7.53e-03h  1
  16  3.7542977e-02 3.11e+01 1.51e+07  -1.0 1.90e+01  -7.4 3.66e-03 2.46e-04h  1
  17  3.7517874e-02 3.11e+01 1.53e+07  -1.0 9.03e+00  -7.8 2.18e-03 3.58e-04h  1
  18  3.7192686e-02 3.10e+01 1.51e+07  -1.0 8.75e+00  -8.3 2.32e-03 3.35e-03h  1
  19  3.7244013e-02 3.10e+01 1.77e+07  -1.0 4.50e+00  -8.8 2.02e-02 2.45e-04h  1
iter    objective    inf_pr   inf_du lg(mu)  ||d||  lg(rg) alpha_du alpha_pr  ls
  20  3.7704947e-02 3.08e+01 1.80e+07  -1.0 3.99e+00  -9.3 7.97e-03 5.19e-03h  1
  21  3.6996246e-02 3.08e+01 3.31e+07  -1.0 2.83e+00  -9.7 1.20e-01 1.50e-03h  1
  22  3.9058736e-02 2.96e+01 2.90e+07  -1.0 2.79e+00 -10.2 1.26e-02 3.83e-02h  1
  23  4.5139205e-02 2.87e+01 3.25e+07  -1.0 2.80e+00 -10.7 6.81e-02 2.95e-02h  1
  24  4.4308980e-02 2.78e+01 3.11e+07  -1.0 2.82e+00 -11.2 3.06e-02 3.33e-02h  1
  25  4.4301306e-02 2.77e+01 4.30e+07  -1.0 2.85e+00 -11.6 1.10e-01 3.55e-04h  1
  26  4.4247040e-02 2.77e+01 4.52e+07  -1.0 3.57e+00 -12.1 2.62e-02 5.47e-04h  1
  27  4.3368004e-02 2.77e+01 4.63e+07  -1.0 3.78e+00 -12.6 1.66e-02 2.60e-03h  1
  28  4.2506195e-02 2.75e+01 4.55e+07  -1.0 3.72e+00 -13.1 2.04e-03 7.56e-03h  1
  29  4.3002652e-02 2.73e+01 4.48e+07  -1.0 3.75e+00 -13.6 1.65e-03 6.10e-03h  1
iter    objective    inf_pr   inf_du lg(mu)  ||d||  lg(rg) alpha_du alpha_pr  ls
  30  4.3828057e-02 2.71e+01 4.61e+07  -1.0 3.78e+00 -14.0 2.77e-02 8.32e-03h  1
  31  4.7123637e-02 2.67e+01 4.56e+07  -1.0 3.81e+00 -14.5 1.58e-02 1.40e-02h  1
  32  4.8174749e-02 2.65e+01 4.57e+07  -1.0 3.87e+00 -15.0 8.38e-03 4.98e-03h  1
  33  4.8037723e-02 2.57e+01 4.20e+07  -1.0 3.89e+00 -15.5 1.07e-03 2.98e-02h  1
  34  4.8111216e-02 2.54e+01 4.44e+07  -1.0 4.93e+00 -15.9 4.99e-02 1.26e-02h  1
  35  4.8179036e-02 2.52e+01 5.15e+07  -1.0 4.10e+00 -16.4 1.08e-01 9.79e-03h  1
  36  4.8716813e-02 2.47e+01 5.74e+07  -1.0 4.16e+00 -16.9 1.18e-01 1.69e-02h  1
  37  4.8725395e-02 2.47e+01 6.57e+07  -1.0 4.47e+00 -17.4 1.56e-01 2.49e-04h  1
  38  4.8888528e-02 2.46e+01 7.89e+07  -1.0 5.48e+00 -17.8 3.08e-01 6.46e-03h  1
  39  4.9650751e-02 2.33e+01 7.74e+07  -1.0 5.54e+00 -18.3 1.91e-01 5.21e-02h  1
iter    objective    inf_pr   inf_du lg(mu)  ||d||  lg(rg) alpha_du alpha_pr  ls
  40  5.2667438e-02 1.62e+01 7.22e+07  -1.0 5.70e+00 -18.8 1.01e-01 3.11e-01h  1
  41  5.3626571e-02 1.40e+01 8.98e+07  -1.0 1.07e+01 -19.3 3.09e-02 1.24e-01h  1
  42  5.3757628e-02 1.38e+01 8.85e+07  -1.0 2.93e+00 -19.8 7.47e-02 1.70e-02h  1
  43  5.4294943e-02 1.26e+01 8.59e+07  -1.0 1.56e+00 -20.0 8.34e-04 7.79e-02h  1
  44  5.4304065e-02 1.26e+01 8.58e+07  -1.0 1.54e+00 -20.0 1.15e-05 1.53e-03h  1
  45  5.4460609e-02 1.24e+01 8.46e+07  -1.0 2.06e+00 -20.0 2.54e-04 1.53e-02f  1
  46  5.4461772e-02 1.24e+01 8.45e+07  -1.0 1.87e+00 -20.0 3.47e-03 1.82e-04h  1
  47  5.4463899e-02 1.24e+01 8.45e+07  -1.0 1.97e+00 -20.0 5.17e-05 3.02e-04h  1
  48  5.4485732e-02 1.24e+01 8.43e+07  -1.0 2.18e+00 -20.0 1.16e-04 2.82e-03f  1
  49  5.4491201e-02 1.24e+01 8.42e+07  -1.0 2.14e+00 -20.0 4.15e-03 5.63e-04h  1
iter    objective    inf_pr   inf_du lg(mu)  ||d||  lg(rg) alpha_du alpha_pr  ls
  50  5.4612395e-02 1.22e+01 8.32e+07  -1.0 2.14e+00 -20.0 9.97e-02 1.27e-02h  1
  51  5.4613637e-02 1.22e+01 8.32e+07  -1.0 2.00e+00 -20.0 1.12e-03 1.80e-04h  1
  52  5.4616166e-02 1.22e+01 8.32e+07  -1.0 1.99e+00 -20.0 1.23e-05 3.66e-04h  1
  53  5.4740768e-02 1.20e+01 8.19e+07  -1.0 2.60e+00 -20.0 3.49e-05 1.74e-02f  1
  54  5.4742112e-02 1.20e+01 8.19e+07  -1.0 2.38e+00 -20.0 4.13e-02 2.15e-04h  1
  55  5.4757762e-02 1.19e+01 8.17e+07  -1.0 2.38e+00 -20.0 6.20e-02 2.71e-03h  1
  56  5.5018722e-02 1.09e+01 7.79e+07  -1.0 2.35e+00 -20.0 5.52e-03 8.24e-02h  1
  57  5.4914259e-02 1.06e+01 7.59e+07  -1.0 1.70e+00 -20.0 2.87e-02 2.72e-02h  1
  58  5.4495773e-02 9.81e+00 7.14e+07  -1.0 1.91e+00 -20.0 8.22e-04 6.94e-02f  1
  59  5.4276328e-02 9.48e+00 6.92e+07  -1.0 2.30e+00 -20.0 1.55e-02 3.34e-02f  1
iter    objective    inf_pr   inf_du lg(mu)  ||d||  lg(rg) alpha_du alpha_pr  ls
  60  5.3569036e-02 8.47e+00 6.30e+07  -1.0 2.40e+00 -20.0 1.77e-02 1.03e-01f  1
  61  5.3554608e-02 8.46e+00 6.29e+07  -1.0 2.63e+00 -20.0 9.92e-02 1.72e-03h  1
  62  5.3554347e-02 8.46e+00 6.29e+07  -1.0 2.64e+00 -20.0 2.76e-02 2.23e-05h  1
  63  5.3466925e-02 8.39e+00 6.24e+07  -1.0 2.75e+00 -20.0 1.14e-02 7.48e-03h  1
  64  5.3246312e-02 8.24e+00 6.14e+07  -1.0 2.74e+00 -20.0 2.27e-01 1.78e-02h  1
  65  5.3218129e-02 8.24e+00 6.13e+07  -1.0 2.73e+00 -20.0 1.91e-02 2.12e-04h  1
  66  5.2965938e-02 8.23e+00 6.12e+07  -1.0 2.73e+00 -20.0 2.24e-04 1.74e-03h  1
  67  5.1322547e-02 8.15e+00 6.06e+07  -1.0 2.73e+00 -20.0 1.72e-04 9.69e-03f  1
  68  5.1300431e-02 8.15e+00 6.06e+07  -1.0 2.72e+00 -20.0 1.15e-03 1.18e-04h  1
  69  5.1259268e-02 8.14e+00 6.06e+07  -1.0 2.72e+00 -20.0 1.02e-03 2.22e-04h  1
iter    objective    inf_pr   inf_du lg(mu)  ||d||  lg(rg) alpha_du alpha_pr  ls
  70  5.0205302e-02 8.10e+00 6.03e+07  -1.0 2.72e+00 -20.0 1.11e-02 5.79e-03f  1
  71  4.7997112e-02 7.97e+00 5.93e+07  -1.0 2.71e+00 -20.0 1.56e-04 1.59e-02f  1
  72  4.4551683e-02 7.67e+00 5.72e+07  -1.0 2.70e+00 -20.0 6.38e-04 3.69e-02f  1
  73  4.4707396e-02 7.58e+00 5.65e+07  -1.0 2.66e+00 -20.0 1.20e-03 1.15e-02f  1
  74  4.5441962e-02 7.30e+00 5.45e+07  -1.0 2.65e+00 -20.0 6.35e-03 3.71e-02f  1
  75  4.5393794e-02 7.12e+00 5.32e+07  -1.0 2.61e+00 -20.0 6.90e-03 2.41e-02f  1
  76  4.5439150e-02 6.72e+00 5.03e+07  -1.0 2.59e+00 -20.0 1.33e-04 5.57e-02f  1
  77  4.5483957e-02 6.48e+00 4.85e+07  -1.0 2.54e+00 -20.0 1.98e-03 3.56e-02f  1
  78  4.5526054e-02 6.26e+00 4.69e+07  -1.0 2.51e+00 -20.0 2.77e-02 3.35e-02f  1
  79  4.5638447e-02 5.16e+00 3.90e+07  -1.0 2.47e+00 -20.0 1.94e-02 1.75e-01f  1
iter    objective    inf_pr   inf_du lg(mu)  ||d||  lg(rg) alpha_du alpha_pr  ls
  80  4.5860645e-02 3.20e+00 2.68e+07  -1.0 2.25e+00 -20.0 9.81e-03 3.81e-01h  1
  81  4.5941549e-02 2.81e+00 2.75e+07  -1.0 1.65e+00 -20.0 7.93e-04 1.23e-01h  1
  82  4.6005014e-02 1.92e+00 2.80e+07  -1.0 1.48e+00 -20.0 5.16e-02 3.18e-01h  1
  83  4.5940329e-02 1.89e+00 1.54e+07  -1.0 1.08e+00 -20.0 4.15e-01 1.49e-02h  1
  84  4.3591612e-02 1.75e+00 1.43e+07  -1.0 1.06e+00 -20.0 6.06e-02 7.36e-02h  1
  85  4.1231376e-02 1.62e+00 1.32e+07  -1.0 9.92e-01 -20.0 7.21e-02 7.69e-02h  1
  86  3.6880253e-02 1.49e+00 1.22e+07  -1.0 9.23e-01 -20.0 7.55e-02 7.96e-02h  1
  87  3.0018636e-02 1.30e+00 1.06e+07  -1.0 8.56e-01 -20.0 1.22e-01 1.27e-01f  1
  88  2.4164262e-02 1.11e+00 9.86e+06  -1.0 7.55e-01 -20.0 7.16e-02 1.53e-01h  1
  89  2.4152863e-02 1.10e+00 8.98e+06  -1.0 6.46e-01 -20.0 1.09e-01 3.45e-03h  1
iter    objective    inf_pr   inf_du lg(mu)  ||d||  lg(rg) alpha_du alpha_pr  ls
  90  2.3818859e-02 8.85e-01 8.71e+06  -1.0 6.44e-01 -20.0 2.87e-02 2.00e-01f  1
  91  2.3811979e-02 8.82e-01 7.16e+06  -1.0 5.22e-01 -20.0 1.92e-01 3.89e-03h  1
  92  2.3281285e-02 6.48e-01 7.17e+06  -1.0 5.20e-01 -20.0 4.03e-03 2.71e-01h  1
  93  2.3237650e-02 6.30e-01 5.05e+06  -1.0 3.85e-01 -20.0 3.44e-01 2.88e-02h  1
  94  2.2008907e-02 1.97e-01 5.71e+06  -1.0 3.74e-01 -20.0 6.03e-03 7.11e-01h  1
  95  2.1910469e-02 1.20e-01 4.31e+06  -1.0 1.13e-01 -20.0 2.97e-01 4.28e-01h  1
  96  2.1943246e-02 1.19e-01 4.30e+06  -1.0 6.54e-02 -20.0 5.22e-03 1.40e-02h  1
  97  2.3124020e-02 6.89e-02 1.83e+06  -1.0 6.71e-02 -20.0 5.51e-01 4.98e-01h  1
  98  2.6309050e-02 3.40e-02 3.21e+05  -1.0 3.21e-02 -20.0 8.24e-01 6.97e-01h  1
  99  3.1260382e-02 1.88e-02 1.43e+06  -1.0 1.14e-02 -20.0 5.36e-01 1.00e+00h  1
iter    objective    inf_pr   inf_du lg(mu)  ||d||  lg(rg) alpha_du alpha_pr  ls
 100  2.9087517e-02 1.88e-02 8.88e+02  -1.0 3.16e-03 -20.0 1.00e+00 1.00e+00h  1
 101  3.0810334e-02 1.88e-02 3.00e+06  -2.5 5.56e-03 -20.0 2.77e-01 6.45e-01h  1
 102  3.2634042e-02 1.88e-02 8.21e+06  -2.5 2.18e-03 -20.0 1.04e-02 6.53e-01h  1
 103  3.5085655e-02 1.88e-02 1.51e+07  -2.5 2.11e-02 -20.0 3.60e-02 9.13e-01h  1
 104  3.5771104e-02 1.88e-02 9.87e+06  -2.5 2.19e-02   5.4 4.72e-01 7.07e-01h  1
 105  3.6666519e-02 1.88e-02 8.07e+06  -2.5 7.62e-02   4.9 3.25e-01 5.00e-01h  2
 106  3.6743401e-02 1.88e-02 4.07e+06  -2.5 2.90e-01   4.5 2.56e-01 1.66e-02h  5
 107  3.6805780e-02 1.88e-02 7.17e+06  -2.5 7.57e-02   4.9 9.40e-01 2.98e-02h  6
 108  3.6825954e-02 1.88e-02 7.33e+06  -2.5 3.37e-01   4.4 1.88e-01 3.23e-03h  7
 109  3.8718681e-02 2.86e-02 1.43e+06  -2.5 8.55e-02   4.8 8.04e-01 8.04e-01s 22
iter    objective    inf_pr   inf_du lg(mu)  ||d||  lg(rg) alpha_du alpha_pr  ls
 110  3.8726616e-02 2.86e-02 1.43e+06  -2.5 1.55e-01   4.4 1.25e-03 1.25e-03s 22
 111r 3.8726616e-02 2.86e-02 1.00e+03  -1.7 0.00e+00   3.9 0.00e+00 0.00e+00R  1
 112r 3.9170468e-02 2.68e-02 1.28e+03  -1.7 1.14e-01    -  8.68e-03 2.26e-01f  1
 113r 4.1391789e-02 2.06e-02 1.48e+03  -1.7 3.44e-02    -  9.31e-02 5.85e-01f  1
 114r 4.2254909e-02 2.07e-02 1.46e+03  -1.7 7.46e-01    -  2.29e-02 7.50e-02f  1
 115r 4.2879475e-02 2.08e-02 8.75e+02  -1.7 3.27e-01    -  4.27e-01 4.51e-02f  1
 116r 1.5554814e+00 1.98e-02 1.10e+03  -1.7 2.80e-02    -  7.45e-03 9.00e-01f  1
 117r 1.9147164e+01 1.85e-02 1.10e+03  -1.7 3.17e+01    -  1.60e-04 2.00e-03f  1
 118  1.8471657e+01 1.78e-02 9.71e+01  -2.5 3.84e-02   3.4 3.19e-03 8.84e-02f  1
 119  1.8116743e+01 1.75e-02 9.60e+01  -2.5 6.31e-02   2.9 6.05e-02 2.26e-02f  1
iter    objective    inf_pr   inf_du lg(mu)  ||d||  lg(rg) alpha_du alpha_pr  ls
 120  1.7632067e+01 1.70e-02 6.55e+02  -2.5 7.13e-02   2.5 3.29e-01 2.73e-02f  1
 121  1.6578587e+01 1.59e-02 1.10e+03  -2.5 7.48e-02   2.0 1.03e-01 5.73e-02f  1
 122  1.4670775e+01 1.41e-02 1.65e+03  -2.5 7.54e-02   1.5 2.04e-01 1.04e-01f  1
 123  1.3542130e+01 1.31e-02 1.60e+03  -2.5 8.78e-02   1.0 2.13e-01 6.38e-02f  1
 124  1.0603693e+01 1.07e-02 1.32e+03  -2.5 1.38e-01   0.5 1.95e-01 1.60e-01f  1
 125  8.3138963e+00 8.84e-03 7.58e+02  -2.5 1.49e-01   0.1 4.39e-02 1.69e-01F  1
 126  5.5156750e+00 7.81e-03 5.22e+02  -2.5 2.23e-01  -0.4 1.91e-01 2.19e-01f  1
 127  9.2060842e-01 9.39e-03 2.73e+02  -2.5 2.38e-01  -0.9 4.90e-01 4.86e-01f  1
 128  8.7737376e-01 9.41e-03 8.60e+02  -2.5 2.35e-01  -1.4 2.30e-01 1.91e-02h  1
 129  3.9408077e-01 9.66e-03 4.81e+02  -2.5 2.41e-01  -1.8 2.07e-01 2.57e-01f  1
iter    objective    inf_pr   inf_du lg(mu)  ||d||  lg(rg) alpha_du alpha_pr  ls
 130  1.2124256e-01 8.34e-03 4.46e+03  -2.5 1.37e-01  -2.3 2.84e-01 1.00e+00h  1
 131  8.6222898e-02 8.42e-03 4.31e+03  -2.5 7.31e-01  -1.0 5.28e-02 3.04e-02h  1
 132  5.4057136e-02 8.39e-03 3.77e+03  -2.5 2.84e-01  -0.6 7.31e-01 6.61e-02h  1
 133  4.9883323e-02 7.58e-03 3.99e+03  -2.5 3.99e-01  -1.0 1.08e-01 5.25e-01H  1
 134  3.3418755e-02 7.62e-03 2.95e+03  -2.5 4.22e-01  -0.6 3.81e-01 2.66e-01h  1
 135  4.2134419e-02 7.57e-03 2.93e+03  -2.5 1.39e+00  -0.2 1.39e-03 8.76e-03h  1
 136  4.0527990e-02 7.92e-03 4.55e+02  -2.5 1.60e-01  -0.7 4.79e-01 1.00e+00f  1
 137  3.3816662e-02 8.25e-03 4.09e+02  -2.5 8.53e-02  -1.1 8.41e-01 2.80e-01h  1
 138  2.4262989e-02 8.47e-03 9.59e+01  -2.5 6.92e-02  -1.6 5.91e-01 7.23e-01f  1
 139  2.8621343e-02 8.08e-03 7.96e-01  -2.5 6.97e-02  -2.1 1.00e+00 1.00e+00f  1
iter    objective    inf_pr   inf_du lg(mu)  ||d||  lg(rg) alpha_du alpha_pr  ls
 140  2.8429417e-02 8.09e-03 1.54e-02  -2.5 9.54e-03  -2.6 1.00e+00 1.00e+00h  1
 141  7.4336125e-03 8.38e-03 1.07e+01  -3.8 2.05e-02  -3.1 7.46e-01 1.00e+00h  1
 142  1.9858695e-03 8.45e-03 3.81e+00  -3.8 9.36e-02  -3.5 8.98e-01 9.78e-01h  1
 143  1.8428018e-03 8.38e-03 2.00e-02  -3.8 1.33e-01  -4.0 1.00e+00 1.00e+00H  1
 144  1.8490053e-03 8.40e-03 3.54e-05  -3.8 1.14e-02  -4.5 1.00e+00 1.00e+00h  1
 145  2.3835867e-04 8.42e-03 2.48e+00  -5.7 6.13e-02  -5.0 8.86e-01 8.99e-01h  1
 146  2.2820274e-05 8.54e-03 9.17e+01  -5.7 8.06e-02  -5.4 5.70e-01 1.00e+00h  1
 147  2.0265400e-05 8.89e-03 1.74e+02  -5.7 2.67e-01  -5.9 6.46e-01 1.00e+00H  1
 148  2.0454125e-05 8.61e-03 5.61e+01  -5.7 4.16e-02  -6.4 8.55e-01 1.00e+00h  1
 149  2.0783477e-05 8.48e-03 1.04e-04  -5.7 1.03e-01  -6.9 1.00e+00 1.00e+00h  1
iter    objective    inf_pr   inf_du lg(mu)  ||d||  lg(rg) alpha_du alpha_pr  ls
 150  2.1130148e-05 8.47e-03 9.88e-06  -5.7 8.46e-03  -7.3 1.00e+00 1.00e+00h  1
 151  4.8151162e-06 8.45e-03 2.98e+02  -8.6 4.79e-03  -7.8 9.71e-01 7.05e-01h  1
In iteration 151, 1 Slack too small, adjusting variable bound
 152 -3.0003837e-06 8.44e-03 3.82e+01  -8.6 2.13e-03  -5.6 1.00e+00 9.66e-01h  1
 153 -3.7262862e-06 8.44e-03 1.15e-05  -8.6 4.69e-04  -6.1 1.00e+00 1.00e+00h  1
 154 -3.8057130e-06 8.43e-03 5.86e-06  -8.6 3.85e-04  -6.5 1.00e+00 1.00e+00h  1
 155 -3.7971201e-06 8.43e-03 2.10e-06  -8.6 5.06e-04  -7.0 1.00e+00 1.00e+00h  1
 156 -2.8101249e-06 8.43e-03 2.10e+03  -8.6 6.87e-04  -7.5 6.30e-02 1.00e+00H  1
 157 -1.7698132e-06 8.43e-03 2.09e+03  -8.6 5.71e-03  -8.0 1.28e-03 1.28e-03s 22
 158  8.3296894e-03 7.94e-03 1.69e+03  -8.6 3.00e-01  -8.5 1.95e-01 1.95e-01s 22
 159  7.3229309e-03 7.99e-03 1.28e+03  -8.6 2.91e-02  -8.9 2.42e-01 2.42e-01s 22
iter    objective    inf_pr   inf_du lg(mu)  ||d||  lg(rg) alpha_du alpha_pr  ls
 160  8.3296959e-03 7.93e-03 9.37e+02  -8.6 2.44e-02  -9.4 2.66e-01 2.66e-01s 22
 161  8.3296972e-03 7.93e-03 1.94e-05  -8.6 3.08e-03  -9.9 1.00e+00 1.00e+00s 22
 162  8.3297705e-03 7.93e-03 4.38e-06  -8.6 2.36e-04 -10.4 9.01e-01 9.01e-01s 22
 163r 8.3297705e-03 7.93e-03 1.00e+03  -6.2 0.00e+00 -10.8 0.00e+00 0.00e+00R  1
 164r 1.6579919e-02 7.51e-03 1.00e+03  -6.2 1.03e+03    -  3.72e-05 2.41e-06f  1
 165r 1.6595175e-02 7.52e-03 9.98e+02  -6.2 1.36e+00    -  5.10e-01 1.23e-03f  1
 166r 1.6612848e-02 7.83e-03 8.95e+02  -6.2 5.42e-01    -  1.52e-02 1.03e-01f  1
 167r 1.6626657e-02 7.86e-03 8.38e+02  -6.2 1.11e-01    -  3.20e-01 6.36e-02h  1
 168r 2.6526315e-02 7.45e-03 6.08e+02  -6.2 3.36e-02    -  4.76e-03 4.35e-01h  1
 169r 2.8262035e-02 7.37e-03 5.33e+02  -6.2 3.54e-02    -  1.11e-01 4.90e-03h  1
iter    objective    inf_pr   inf_du lg(mu)  ||d||  lg(rg) alpha_du alpha_pr  ls
 170r 2.7905031e-02 7.39e-03 1.31e+02  -6.2 2.83e-03    -  8.58e-01 7.21e-01h  1
The Jacobian for the equality constraints contains an invalid number
Restoration phase failed due to evaluation errors.

Number of Iterations....: 170

                                   (scaled)                 (unscaled)
Objective...............:  -3.7971201123540222e-06   -3.7971201123540222e-06
Dual infeasibility......:   2.0959021217650572e-06    2.0959021217650572e-06
Constraint violation....:   7.3106765974273426e-07    8.4343763282959117e-03
Variable bound violation:   9.9934105435295351e-09    9.9934105435295351e-09
Complementarity.........:   2.5632612688984347e-09    2.5632612688984347e-09
Overall NLP error.......:   8.5839792177226788e-07    8.4343763282959117e-03


Number of objective function evaluations             = 251
Number of objective gradient evaluations             = 159
Number of equality constraint evaluations            = 251
Number of inequality constraint evaluations          = 251
Number of equality constraint Jacobian evaluations   = 174
Number of inequality constraint Jacobian evaluations = 174
Number of Lagrangian Hessian evaluations             = 171
Total seconds in IPOPT                               = 2.603

EXIT: Solved To Acceptable Level.
[ACRU] termination_status = ALMOST_LOCALLY_SOLVED
[ACRU] primal_status      = NEARLY_FEASIBLE_POINT
[ACRU] objective          = -3.7971201123540222e-6
[ACRU] total source pg    = 0.0
[ACRU] total pv pg        = 0.0
------------------------------------------------------------------------
