[ PowerModelsDistribution | Info ] : Circuit has been reset with the 'clear' on line 1 in 'IEEE13Nodeckt.dss'
[ PowerModelsDistribution | Info ] : Redirecting to 'ieeelinecodes.dss' on line 46 in 'IEEE13Nodeckt.dss'
[ PowerModelsDistribution | Info ] : Command 'calcv' on line 152 in 'IEEE13Nodeckt.dss' is not supported, skipping.
[ PowerModelsDistribution | Info ] : Redirecting to 'pv_systems.dss' on line 155 in 'IEEELineCodes.DSS'
[ PowerModelsDistribution | Info ] : Command 'solve' on line 157 in 'IEEE13Nodeckt.dss' is not supported, skipping.
[ PowerModelsDistribution | Info ] : Reading Buscoords in 'ieee13node_busxy.csv' on line 158 in 'pv_systems.dss'
[ PowerModelsDistribution | Info ] : basemva=100 is the default value, you may want to adjust sbase_default for better convergence
bus count=33
branch count=25
gen count=4
branch keys:
["angmax", "angmin", "b_fr", "b_to", "br_r", "br_status", "br_x", "c_rating_a", "f_bus", "f_connections", "g_fr", "g_to", "index", "name", "shift", "source_id", "switch", "t_bus", "t_connections", "tap", "transformer", "vbase"]
gen keys:
["configuration", "connections", "control_mode", "cost", "gen_bus", "gen_status", "index", "model", "name", "ncost", "pg", "pmax", "pmin", "qg", "qmax", "qmin", "shutdown", "source_id", "startup", "vbase", "vg"]
first branch summary:
name => _virtual_branch.transformer.sub_1
f_bus => 32
t_bus => 31
f_connections => [1, 2, 3]
t_connections => [1, 2, 3]
c_rating_a => [Inf, Inf, Inf]
angmin => [-0.17453292519943295, -0.17453292519943295, -0.17453292519943295]
angmax => [0.17453292519943295, 0.17453292519943295, 0.17453292519943295]
br_r => [0.0002999999999999999 0.0 0.0; 0.0 0.0002999999999999999 0.0; 0.0 0.0 0.0002999999999999999]
br_x => [0.0 0.0 0.0; 0.0 0.0 0.0; 0.0 0.0 0.0]
g_fr => [0.0 0.0 0.0; 0.0 0.0 0.0; 0.0 0.0 0.0]
b_fr => [0.0 0.0 0.0; 0.0 0.0 0.0; 0.0 0.0 0.0]
all branch rating field candidates:
angmax => [0.17453292519943295, 0.17453292519943295, 0.17453292519943295]
angmin => [-0.17453292519943295, -0.17453292519943295, -0.17453292519943295]
c_rating_a => [Inf, Inf, Inf]
